{"ts":1676215717365,"action":"FILE_OPENED","file":"/build.gradle","tags":{"FILE_LINE_OF_CODE":"19"}}
{"ts":1676215716569,"action":"PROJECT_OPENED","tags":{"PROJECT_NAME":"JsonWrapper"}}
{"ts":1676215737317,"action":"IDE_DEACTIVATED"}
{"ts":1676215755950,"action":"IDE_ACTIVATED"}
{"ts":1676215762829,"action":"IDE_DEACTIVATED"}
{"ts":1676215766921,"action":"IDE_ACTIVATED"}
{"ts":1676215827323,"action":"FILE_CLOSED","file":"/build.gradle","tags":{"FILE_LINE_OF_CODE":"19"}}
{"ts":1676215827323,"action":"FILE_OPENED","file":"/src/main/java/me/alex/json/wrapper.java","tags":{"FILE_LINE_OF_CODE":"3"}}
{"ts":1676215832224,"action":"FILE_OPENED","file":"/build.gradle","tags":{"FILE_LINE_OF_CODE":"19"}}
{"ts":1676215871642,"action":"FILE_CLOSED","file":"/build.gradle","tags":{"FILE_LINE_OF_CODE":"19"}}
{"ts":1676215871642,"action":"FILE_OPENED","file":"/src/main/java/me/alex/jsonwrapper/Moshi.java","tags":{"FILE_LINE_OF_CODE":"6"}}
{"ts":1676215873353,"action":"FILE_CLOSED","file":"/src/main/java/me/alex/jsonwrapper/Moshi.java","tags":{"FILE_LINE_OF_CODE":"6"}}
{"ts":1676215873353,"action":"FILE_OPENED","file":"/src/main/java/me/alex/jsonwrapper/JsonProvider.java","tags":{"FILE_LINE_OF_CODE":"29"}}
{"ts":1676215877384,"action":"IDE_DEACTIVATED"}
{"ts":1676215909683,"action":"IDE_ACTIVATED"}
{"ts":1676215914179,"action":"FILE_CLOSED","file":"/src/main/java/me/alex/jsonwrapper/JsonProvider.java","tags":{"FILE_LINE_OF_CODE":"29"}}
{"ts":1676215914179,"action":"FILE_OPENED","file":"/build.gradle","tags":{"FILE_LINE_OF_CODE":"19"}}
{"ts":1676215959622,"action":"IDE_DEACTIVATED"}
{"ts":1676215980658,"action":"IDE_ACTIVATED"}
{"ts":1676216007902,"action":"FILE_CLOSED","file":"/build.gradle","tags":{"FILE_LINE_OF_CODE":"16"}}
{"ts":1676216007902,"action":"FILE_OPENED","file":"/.github/Publish","tags":{"FILE_LINE_OF_CODE":"0"}}
{"ts":1676216068310,"action":"FILE_CLOSED","file":"/.github/publish.yml","tags":{"FILE_LINE_OF_CODE":"21"}}
{"ts":1676216068310,"action":"FILE_OPENED","file":"/src/main/java/me/alex/jsonwrapper/JsonMapper.java","tags":{"FILE_LINE_OF_CODE":"36"}}
{"ts":1676216078898,"action":"IDE_DEACTIVATED"}
{"ts":1676216166656,"action":"IDE_ACTIVATED"}
{"ts":1676216171456,"action":"FILE_CLOSED","file":"/src/main/java/me/alex/jsonwrapper/JsonMapper.java","tags":{"FILE_LINE_OF_CODE":"36"}}
{"ts":1676216171456,"action":"FILE_OPENED","file":"/gradlew","tags":{"FILE_LINE_OF_CODE":"235"}}
{"ts":1676216171996,"action":"FILE_CLOSED","file":"/gradlew","tags":{"FILE_LINE_OF_CODE":"235"}}
{"ts":1676216171996,"action":"FILE_OPENED","file":"/build.gradle","tags":{"FILE_LINE_OF_CODE":"16"}}
{"ts":1676216187398,"action":"FILE_CLOSED","file":"/build.gradle","tags":{"FILE_LINE_OF_CODE":"16"}}
{"ts":1676216187398,"action":"FILE_OPENED","file":"/src/main/java/me/alex/jsonwrapper/JsonMapper.java","tags":{"FILE_LINE_OF_CODE":"36"}}
{"ts":1676216201975,"action":"FILE_CLOSED","file":"/src/main/java/me/alex/jsonwrapper/JsonMapper.java","tags":{"FILE_LINE_OF_CODE":"36"}}
{"ts":1676216201975,"action":"FILE_OPENED","file":"/src/main/java/me/alex/jsonwrapper/provider/MoshiProviderImpl.java","tags":{"FILE_LINE_OF_CODE":"91"}}
{"ts":1676216222572,"action":"FILE_CLOSED","file":"/src/main/java/me/alex/jsonwrapper/provider/MoshiProviderImpl.java","tags":{"FILE_LINE_OF_CODE":"92"}}
{"ts":1676216222572,"action":"FILE_OPENED","file":"/build.gradle","tags":{"FILE_LINE_OF_CODE":"17"}}
{"ts":1676216238236,"action":"IDE_DEACTIVATED"}
{"ts":1676216239428,"action":"IDE_ACTIVATED"}
{"ts":1676216252515,"action":"IDE_DEACTIVATED"}
{"ts":1676216261984,"action":"IDE_ACTIVATED"}
{"ts":1676216282676,"action":"FILE_CLOSED","file":"/build.gradle","tags":{"FILE_LINE_OF_CODE":"20"}}
{"ts":1676216282676,"action":"FILE_OPENED","file":"/src/main/java/me/alex/jsonwrapper/JsonMapper.java","tags":{"FILE_LINE_OF_CODE":"36"}}
{"ts":1676216288514,"action":"FILE_CLOSED","file":"/src/main/java/me/alex/jsonwrapper/JsonMapper.java","tags":{"FILE_LINE_OF_CODE":"36"}}
{"ts":1676216288514,"action":"FILE_OPENED","file":"/src/main/java/me/alex/jsonwrapper/provider/GsonProviderImpl.java","tags":{"FILE_LINE_OF_CODE":"79"}}
{"ts":1676216319137,"action":"IDE_DEACTIVATED"}
{"ts":1676216323299,"action":"IDE_ACTIVATED"}
{"ts":1676216334780,"action":"IDE_DEACTIVATED"}
{"ts":1676216362008,"action":"IDE_ACTIVATED"}
{"ts":1676216365699,"action":"FILE_CLOSED","file":"/src/main/java/me/alex/jsonwrapper/provider/GsonProviderImpl.java","tags":{"FILE_LINE_OF_CODE":"79"}}
{"ts":1676216365699,"action":"FILE_OPENED","file":"/build.gradle","tags":{"FILE_LINE_OF_CODE":"20"}}
{"ts":1676216370547,"action":"IDE_DEACTIVATED"}
{"ts":1676216370628,"action":"IDE_ACTIVATED"}
{"ts":1676216372045,"action":"IDE_DEACTIVATED"}
{"ts":1676216376040,"action":"IDE_ACTIVATED"}
{"ts":1676216376338,"action":"FILE_CLOSED","file":"/build.gradle","tags":{"FILE_LINE_OF_CODE":"21"}}
{"ts":1676216376338,"action":"FILE_OPENED","file":"/src/main/java/me/alex/jsonwrapper/JsonMapper.java","tags":{"FILE_LINE_OF_CODE":"36"}}
{"ts":1676216378551,"action":"FILE_CLOSED","file":"/src/main/java/me/alex/jsonwrapper/JsonMapper.java","tags":{"FILE_LINE_OF_CODE":"36"}}
{"ts":1676216378551,"action":"FILE_OPENED","file":"/src/main/java/me/alex/jsonwrapper/provider/MoshiProviderImpl.java","tags":{"FILE_LINE_OF_CODE":"92"}}
{"ts":1676216380879,"action":"FILE_CLOSED","file":"/src/main/java/me/alex/jsonwrapper/provider/MoshiProviderImpl.java","tags":{"FILE_LINE_OF_CODE":"92"}}
{"ts":1676216380879,"action":"FILE_OPENED","file":"/src/main/java/me/alex/jsonwrapper/provider/JacksonProviderImpl.java","tags":{"FILE_LINE_OF_CODE":"110"}}
{"ts":1676216427552,"action":"FILE_CLOSED","file":"/src/main/java/me/alex/jsonwrapper/provider/JacksonProviderImpl.java","tags":{"FILE_LINE_OF_CODE":"110"}}
{"ts":1676216427552,"action":"FILE_OPENED","file":"/src/main/java/me/alex/jsonwrapper/configurations/JsonConfigurationLoader.java","tags":{"FILE_LINE_OF_CODE":"100"}}
{"ts":1676217209704,"action":"IDE_DEACTIVATED"}
{"ts":1676218002572,"action":"IDE_ACTIVATED"}
{"ts":1676218002833,"action":"FILE_CLOSED","file":"/src/main/java/me/alex/jsonwrapper/configurations/JsonConfigurationLoader.java","tags":{"FILE_LINE_OF_CODE":"118"}}
{"ts":1676218002833,"action":"FILE_OPENED","file":"/src/main/java/me/alex/jsonwrapper/provider/GsonProviderImpl.java","tags":{"FILE_LINE_OF_CODE":"79"}}
{"ts":1676218023097,"action":"FILE_CLOSED","file":"/src/main/java/me/alex/jsonwrapper/provider/GsonProviderImpl.java","tags":{"FILE_LINE_OF_CODE":"79"}}
{"ts":1676218023097,"action":"FILE_OPENED","file":"/src/main/java/me/alex/jsonwrapper/JsonMapper.java","tags":{"FILE_LINE_OF_CODE":"36"}}
{"ts":1676218066649,"action":"FILE_CLOSED","file":"/src/main/java/me/alex/jsonwrapper/JsonMapper.java","tags":{"FILE_LINE_OF_CODE":"36"}}
{"ts":1676218066649,"action":"FILE_OPENED","file":"/src/main/java/me/alex/jsonwrapper/JsonProvider.java","tags":{"FILE_LINE_OF_CODE":"29"}}
{"ts":1676218130080,"action":"IDE_DEACTIVATED"}
{"ts":1676218165395,"action":"IDE_ACTIVATED"}
{"ts":1676218169827,"action":"IDE_DEACTIVATED"}
{"ts":1676218517967,"action":"IDE_ACTIVATED"}
{"ts":1676218523001,"action":"FILE_CLOSED","file":"/src/main/java/me/alex/jsonwrapper/JsonProvider.java","tags":{"FILE_LINE_OF_CODE":"29"}}
{"ts":1676218523001,"action":"FILE_OPENED","file":"/src/main/java/me/alex/jsonwrapper/configurations/JsonConfigurationLoader.java","tags":{"FILE_LINE_OF_CODE":"118"}}
{"ts":1676218554731,"action":"FILE_CLOSED","file":"/src/main/java/me/alex/jsonwrapper/configurations/JsonConfigurationLoader.java","tags":{"FILE_LINE_OF_CODE":"118"}}
{"ts":1676218554731,"action":"FILE_OPENED","file":"/src/main/java/me/alex/jsonwrapper/JsonMapper.java","tags":{"FILE_LINE_OF_CODE":"36"}}
{"ts":1676218559732,"action":"FILE_CLOSED","file":"/src/main/java/me/alex/jsonwrapper/JsonMapper.java","tags":{"FILE_LINE_OF_CODE":"36"}}
{"ts":1676218559732,"action":"FILE_OPENED","file":"/src/main/java/me/alex/jsonwrapper/provider/GsonProviderImpl.java","tags":{"FILE_LINE_OF_CODE":"79"}}
{"ts":1676218579041,"action":"FILE_CLOSED","file":"/src/main/java/me/alex/jsonwrapper/provider/GsonProviderImpl.java","tags":{"FILE_LINE_OF_CODE":"79"}}
{"ts":1676218579041,"action":"FILE_OPENED","file":"/src/main/java/me/alex/jsonwrapper/JsonMapper.java","tags":{"FILE_LINE_OF_CODE":"36"}}
{"ts":1676218584659,"action":"FILE_CLOSED","file":"/src/main/java/me/alex/jsonwrapper/JsonMapper.java","tags":{"FILE_LINE_OF_CODE":"36"}}
{"ts":1676218584659,"action":"FILE_OPENED","file":"/src/main/java/me/alex/jsonwrapper/JsonProvider.java","tags":{"FILE_LINE_OF_CODE":"29"}}
{"ts":1676218644675,"action":"IDE_DEACTIVATED"}
{"ts":1676218645380,"action":"IDE_ACTIVATED"}
{"ts":1676218937982,"action":"IDE_DEACTIVATED"}
{"ts":1676218963443,"action":"IDE_ACTIVATED"}
{"ts":1676219019284,"action":"FILE_CLOSED","file":"/src/main/java/me/alex/jsonwrapper/JsonProvider.java","tags":{"FILE_LINE_OF_CODE":"41"}}
{"ts":1676219019284,"action":"FILE_OPENED","file":"/src/main/java/me/alex/jsonwrapper/JsonMapper.java","tags":{"FILE_LINE_OF_CODE":"36"}}
{"ts":1676219044399,"action":"FILE_CLOSED","file":"/src/main/java/me/alex/jsonwrapper/JsonMapper.java","tags":{"FILE_LINE_OF_CODE":"44"}}
{"ts":1676219044399,"action":"FILE_OPENED","file":"/src/main/java/me/alex/jsonwrapper/configurations/JsonConfigurationLoader.java","tags":{"FILE_LINE_OF_CODE":"118"}}
{"ts":1676219101860,"action":"IDE_DEACTIVATED"}
{"ts":1676219522341,"action":"IDE_ACTIVATED"}
{"ts":1676219588329,"action":"IDE_DEACTIVATED"}
{"ts":1676219669870,"action":"IDE_ACTIVATED"}
{"ts":1676219673386,"action":"FILE_CLOSED","file":"/src/main/java/me/alex/jsonwrapper/configurations/JsonConfigurationLoader.java","tags":{"FILE_LINE_OF_CODE":"118"}}
{"ts":1676219673386,"action":"FILE_OPENED","file":"/build.gradle","tags":{"FILE_LINE_OF_CODE":"21"}}
{"ts":1676219701492,"action":"IDE_DEACTIVATED"}
{"ts":1676219717580,"action":"IDE_ACTIVATED"}
